<?xml version="1.0" encoding="UTF-8"?>
<testsuite name="goorm.webide.chat.service.ChatServiceTest" tests="2" skipped="0" failures="0" errors="0" timestamp="2024-04-23T02:11:36" hostname="ijun-oui-MacBookPro.local" time="0.038">
  <properties/>
  <testcase name="saveChatTest()" classname="goorm.webide.chat.service.ChatServiceTest" time="0.028"/>
  <testcase name="getAllChatsByRoomNoTest()" classname="goorm.webide.chat.service.ChatServiceTest" time="0.009"/>
  <system-out><![CDATA[2024-04-23T11:11:35.603+09:00  INFO 28032 --- [web-ide] [    Test worker] t.c.s.AnnotationConfigContextLoaderUtils : Could not detect default configuration classes for test class [goorm.webide.chat.service.ChatServiceTest]: ChatServiceTest does not declare any static, non-private, non-final, nested classes annotated with @Configuration.
2024-04-23T11:11:35.604+09:00  INFO 28032 --- [web-ide] [    Test worker] .b.t.c.SpringBootTestContextBootstrapper : Found @SpringBootConfiguration goorm.webide.WebIdeApplication for test class goorm.webide.chat.service.ChatServiceTest

  .   ____          _            __ _ _
 /\\ / ___'_ __ _ _(_)_ __  __ _ \ \ \ \
( ( )\___ | '_ | '_| | '_ \/ _` | \ \ \ \
 \\/  ___)| |_)| | | | | || (_| |  ) ) ) )
  '  |____| .__|_| |_|_| |_\__, | / / / /
 =========|_|==============|___/=/_/_/_/
 :: Spring Boot ::                (v3.2.4)

2024-04-23T11:11:35.615+09:00  INFO 28032 --- [web-ide] [    Test worker] g.webide.chat.service.ChatServiceTest    : Starting ChatServiceTest using Java 19 with PID 28032 (started by leejuno in /Users/leejuno/git/web-ide/BE/web-ide)
2024-04-23T11:11:35.615+09:00  INFO 28032 --- [web-ide] [    Test worker] g.webide.chat.service.ChatServiceTest    : The following 3 profiles are active: "dev", "info", "jwt"
2024-04-23T11:11:35.615+09:00 DEBUG 28032 --- [web-ide] [    Test worker] o.s.w.c.s.GenericWebApplicationContext   : Refreshing org.springframework.web.context.support.GenericWebApplicationContext@71e839ee
2024-04-23T11:11:35.658+09:00  INFO 28032 --- [web-ide] [    Test worker] .s.d.r.c.RepositoryConfigurationDelegate : Bootstrapping Spring Data JPA repositories in DEFAULT mode.
2024-04-23T11:11:35.663+09:00  INFO 28032 --- [web-ide] [    Test worker] .s.d.r.c.RepositoryConfigurationDelegate : Finished Spring Data repository scanning in 5 ms. Found 4 JPA repository interfaces.
2024-04-23T11:11:35.710+09:00  INFO 28032 --- [web-ide] [    Test worker] o.hibernate.jpa.internal.util.LogHelper  : HHH000204: Processing PersistenceUnitInfo [name: default]
2024-04-23T11:11:35.711+09:00  INFO 28032 --- [web-ide] [    Test worker] o.h.c.internal.RegionFactoryInitiator    : HHH000026: Second-level cache disabled
2024-04-23T11:11:35.712+09:00  INFO 28032 --- [web-ide] [    Test worker] o.s.o.j.p.SpringPersistenceUnitInfo      : No LoadTimeWeaver setup: ignoring JPA class transformer
2024-04-23T11:11:35.712+09:00  INFO 28032 --- [web-ide] [    Test worker] com.zaxxer.hikari.HikariDataSource       : HikariPool-3 - Starting...
2024-04-23T11:11:35.723+09:00  INFO 28032 --- [web-ide] [    Test worker] com.zaxxer.hikari.pool.HikariPool        : HikariPool-3 - Added connection com.mysql.cj.jdbc.ConnectionImpl@3ba468ec
2024-04-23T11:11:35.723+09:00  INFO 28032 --- [web-ide] [    Test worker] com.zaxxer.hikari.HikariDataSource       : HikariPool-3 - Start completed.
2024-04-23T11:11:35.723+09:00  WARN 28032 --- [web-ide] [    Test worker] org.hibernate.orm.deprecation            : HHH90000025: MySQLDialect does not need to be specified explicitly using 'hibernate.dialect' (remove the property setting and it will be selected by default)
2024-04-23T11:11:35.752+09:00  INFO 28032 --- [web-ide] [    Test worker] o.h.e.t.j.p.i.JtaPlatformInitiator       : HHH000489: No JTA platform available (set 'hibernate.transaction.jta.platform' to enable JTA platform integration)
Hibernate: alter table chat drop foreign key FKjwoyh4o9w6xhpypqackr104kr
Hibernate: alter table chat drop foreign key FKe75tu2pd7wf7wowpy8r5nagfh
Hibernate: alter table chat_user drop foreign key FK91s6pimvcq0hfo8x2t9tb4xbm
Hibernate: alter table chat_user drop foreign key FKl8wenfyq53c3kx77epe01wb9g
Hibernate: drop table if exists chat
Hibernate: drop table if exists chat_room
Hibernate: drop table if exists chat_user
Hibernate: drop table if exists user
Hibernate: create table chat (chat_no bigint not null auto_increment, created_at datetime(6) not null, room_no bigint not null, update_at datetime(6) not null, user_no bigint not null, chat_txt json, primary key (chat_no)) engine=InnoDB
Hibernate: create table chat_room (created_at datetime(6) not null, room_no bigint not null auto_increment, update_at datetime(6) not null, room_name varchar(20) not null, primary key (room_no)) engine=InnoDB
Hibernate: create table chat_user (chat_user_no bigint not null auto_increment, room_no bigint not null, user_no bigint not null, primary key (chat_user_no)) engine=InnoDB
Hibernate: create table user (created_at datetime(6), updated_at datetime(6), user_no bigint not null auto_increment, email varchar(255) not null, nickname varchar(255) not null, password varchar(255) not null, username varchar(255) not null, delete_status enum ('DELETE','ACTIVE'), primary key (user_no)) engine=InnoDB
Hibernate: alter table chat add constraint FKjwoyh4o9w6xhpypqackr104kr foreign key (room_no) references chat_room (room_no)
Hibernate: alter table chat add constraint FKe75tu2pd7wf7wowpy8r5nagfh foreign key (user_no) references user (user_no)
Hibernate: alter table chat_user add constraint FK91s6pimvcq0hfo8x2t9tb4xbm foreign key (room_no) references chat_room (room_no)
Hibernate: alter table chat_user add constraint FKl8wenfyq53c3kx77epe01wb9g foreign key (user_no) references user (user_no)
2024-04-23T11:11:35.937+09:00  INFO 28032 --- [web-ide] [    Test worker] j.LocalContainerEntityManagerFactoryBean : Initialized JPA EntityManagerFactory for persistence unit 'default'
2024-04-23T11:11:35.966+09:00 DEBUG 28032 --- [web-ide] [    Test worker] o.s.w.s.s.s.WebSocketHandlerMapping      : Patterns [/sendChat/**] in 'stompWebSocketHandlerMapping'
2024-04-23T11:11:35.970+09:00  WARN 28032 --- [web-ide] [    Test worker] JpaBaseConfiguration$JpaWebConfiguration : spring.jpa.open-in-view is enabled by default. Therefore, database queries may be performed during view rendering. Explicitly configure spring.jpa.open-in-view to disable this warning
2024-04-23T11:11:35.973+09:00 DEBUG 28032 --- [web-ide] [    Test worker] .WebSocketAnnotationMethodMessageHandler : 
	g.w.c.c.ChatController:
	
2024-04-23T11:11:35.973+09:00 DEBUG 28032 --- [web-ide] [    Test worker] .WebSocketAnnotationMethodMessageHandler : 
	g.w.c.c.ChatRoomController:
	
2024-04-23T11:11:35.973+09:00 DEBUG 28032 --- [web-ide] [    Test worker] .WebSocketAnnotationMethodMessageHandler : 
	g.w.c.s.StompWebSocketController:
	{[MESSAGE],[/sendChat/{roomNo}]}: sendChat(ChatRequest,Long)
2024-04-23T11:11:35.973+09:00 DEBUG 28032 --- [web-ide] [    Test worker] .WebSocketAnnotationMethodMessageHandler : 
	g.w.u.c.UserController:
	
2024-04-23T11:11:35.973+09:00 DEBUG 28032 --- [web-ide] [    Test worker] .WebSocketAnnotationMethodMessageHandler : 
	o.s.b.a.w.s.e.BasicErrorController:
	
2024-04-23T11:11:35.982+09:00 DEBUG 28032 --- [web-ide] [    Test worker] s.w.s.m.m.a.RequestMappingHandlerMapping : 10 mappings in 'requestMappingHandlerMapping'
2024-04-23T11:11:35.986+09:00 DEBUG 28032 --- [web-ide] [    Test worker] o.s.w.s.handler.SimpleUrlHandlerMapping  : Patterns [/webjars/**, /**] in 'resourceHandlerMapping'
2024-04-23T11:11:35.988+09:00  INFO 28032 --- [web-ide] [    Test worker] o.s.s.web.DefaultSecurityFilterChain     : Will secure any request with [org.springframework.security.web.session.DisableEncodeUrlFilter@122f58a, org.springframework.security.web.context.request.async.WebAsyncManagerIntegrationFilter@b225c59, org.springframework.security.web.context.SecurityContextHolderFilter@30182a74, org.springframework.security.web.header.HeaderWriterFilter@7ccf6785, org.springframework.web.filter.CorsFilter@47dc0cc5, org.springframework.security.web.authentication.logout.LogoutFilter@e909344, goorm.webide.common.jwt.JWTFilter@17ec391a, goorm.webide.common.jwt.LoginFilter@1f410c8, org.springframework.security.web.savedrequest.RequestCacheAwareFilter@6f8f0c59, org.springframework.security.web.servletapi.SecurityContextHolderAwareRequestFilter@68fbad62, org.springframework.security.web.authentication.AnonymousAuthenticationFilter@18ad543b, org.springframework.security.web.session.SessionManagementFilter@605ef319, org.springframework.security.web.access.ExceptionTranslationFilter@d8a5846, org.springframework.security.web.access.intercept.AuthorizationFilter@2ccf85e9]
2024-04-23T11:11:35.997+09:00 DEBUG 28032 --- [web-ide] [    Test worker] s.w.s.m.m.a.RequestMappingHandlerAdapter : ControllerAdvice beans: 0 @ModelAttribute, 0 @InitBinder, 1 RequestBodyAdvice, 1 ResponseBodyAdvice
2024-04-23T11:11:35.998+09:00 DEBUG 28032 --- [web-ide] [    Test worker] .m.m.a.ExceptionHandlerExceptionResolver : ControllerAdvice beans: 2 @ExceptionHandler, 1 ResponseBodyAdvice
2024-04-23T11:11:36.011+09:00 DEBUG 28032 --- [web-ide] [    Test worker] org.springframework.web.SimpLogging      : clientOutboundChannel added SubProtocolWebSocketHandler[StompSubProtocolHandler[v10.stomp, v11.stomp, v12.stomp]]
2024-04-23T11:11:36.011+09:00 DEBUG 28032 --- [web-ide] [    Test worker] org.springframework.web.SimpLogging      : clientInboundChannel added WebSocketAnnotationMethodMessageHandler[prefixes=[/app/]]
2024-04-23T11:11:36.011+09:00  INFO 28032 --- [web-ide] [    Test worker] o.s.m.s.b.SimpleBrokerMessageHandler     : Starting...
2024-04-23T11:11:36.011+09:00 DEBUG 28032 --- [web-ide] [    Test worker] org.springframework.web.SimpLogging      : clientInboundChannel added SimpleBrokerMessageHandler [org.springframework.messaging.simp.broker.DefaultSubscriptionRegistry@17fac5b2]
2024-04-23T11:11:36.011+09:00 DEBUG 28032 --- [web-ide] [    Test worker] org.springframework.web.SimpLogging      : brokerChannel added SimpleBrokerMessageHandler [org.springframework.messaging.simp.broker.DefaultSubscriptionRegistry@17fac5b2]
2024-04-23T11:11:36.011+09:00  INFO 28032 --- [web-ide] [    Test worker] o.s.m.s.b.SimpleBrokerMessageHandler     : BrokerAvailabilityEvent[available=true, SimpleBrokerMessageHandler [org.springframework.messaging.simp.broker.DefaultSubscriptionRegistry@17fac5b2]]
2024-04-23T11:11:36.011+09:00  INFO 28032 --- [web-ide] [    Test worker] o.s.m.s.b.SimpleBrokerMessageHandler     : Started.
2024-04-23T11:11:36.011+09:00 DEBUG 28032 --- [web-ide] [    Test worker] org.springframework.web.SimpLogging      : clientInboundChannel added UserDestinationMessageHandler[DefaultUserDestinationResolver[prefix=/user/]]
2024-04-23T11:11:36.011+09:00 DEBUG 28032 --- [web-ide] [    Test worker] org.springframework.web.SimpLogging      : brokerChannel added UserDestinationMessageHandler[DefaultUserDestinationResolver[prefix=/user/]]
2024-04-23T11:11:36.013+09:00  INFO 28032 --- [web-ide] [    Test worker] g.webide.chat.service.ChatServiceTest    : Started ChatServiceTest in 0.408 seconds (process running for 3.298)
]]></system-out>
  <system-err><![CDATA[]]></system-err>
</testsuite>
