<?xml version="1.0" encoding="UTF-8"?>
<testsuite name="goorm.webide.WebIdeApplicationTests" tests="1" skipped="0" failures="0" errors="0" timestamp="2024-04-23T02:11:34" hostname="ijun-oui-MacBookPro.local" time="0.054">
  <properties/>
  <testcase name="contextLoads()" classname="goorm.webide.WebIdeApplicationTests" time="0.054"/>
  <system-out><![CDATA[11:11:33.031 [Test worker] INFO org.springframework.test.context.support.AnnotationConfigContextLoaderUtils -- Could not detect default configuration classes for test class [goorm.webide.WebIdeApplicationTests]: WebIdeApplicationTests does not declare any static, non-private, non-final, nested classes annotated with @Configuration.
11:11:33.068 [Test worker] INFO org.springframework.boot.test.context.SpringBootTestContextBootstrapper -- Found @SpringBootConfiguration goorm.webide.WebIdeApplication for test class goorm.webide.WebIdeApplicationTests

  .   ____          _            __ _ _
 /\\ / ___'_ __ _ _(_)_ __  __ _ \ \ \ \
( ( )\___ | '_ | '_| | '_ \/ _` | \ \ \ \
 \\/  ___)| |_)| | | | | || (_| |  ) ) ) )
  '  |____| .__|_| |_|_| |_\__, | / / / /
 =========|_|==============|___/=/_/_/_/
 :: Spring Boot ::                (v3.2.4)

2024-04-23T11:11:33.218+09:00  INFO 28032 --- [web-ide] [    Test worker] goorm.webide.WebIdeApplicationTests      : Starting WebIdeApplicationTests using Java 19 with PID 28032 (started by leejuno in /Users/leejuno/git/web-ide/BE/web-ide)
2024-04-23T11:11:33.219+09:00  INFO 28032 --- [web-ide] [    Test worker] goorm.webide.WebIdeApplicationTests      : The following 3 profiles are active: "dev", "info", "jwt"
2024-04-23T11:11:33.230+09:00 DEBUG 28032 --- [web-ide] [    Test worker] o.s.w.c.s.GenericWebApplicationContext   : Refreshing org.springframework.web.context.support.GenericWebApplicationContext@7bef452c
2024-04-23T11:11:33.466+09:00  INFO 28032 --- [web-ide] [    Test worker] .s.d.r.c.RepositoryConfigurationDelegate : Bootstrapping Spring Data JPA repositories in DEFAULT mode.
2024-04-23T11:11:33.491+09:00  INFO 28032 --- [web-ide] [    Test worker] .s.d.r.c.RepositoryConfigurationDelegate : Finished Spring Data repository scanning in 22 ms. Found 4 JPA repository interfaces.
2024-04-23T11:11:33.671+09:00  INFO 28032 --- [web-ide] [    Test worker] o.hibernate.jpa.internal.util.LogHelper  : HHH000204: Processing PersistenceUnitInfo [name: default]
2024-04-23T11:11:33.690+09:00  INFO 28032 --- [web-ide] [    Test worker] org.hibernate.Version                    : HHH000412: Hibernate ORM core version 6.4.4.Final
2024-04-23T11:11:33.702+09:00  INFO 28032 --- [web-ide] [    Test worker] o.h.c.internal.RegionFactoryInitiator    : HHH000026: Second-level cache disabled
2024-04-23T11:11:33.776+09:00  INFO 28032 --- [web-ide] [    Test worker] o.s.o.j.p.SpringPersistenceUnitInfo      : No LoadTimeWeaver setup: ignoring JPA class transformer
2024-04-23T11:11:33.785+09:00  INFO 28032 --- [web-ide] [    Test worker] com.zaxxer.hikari.HikariDataSource       : HikariPool-1 - Starting...
2024-04-23T11:11:33.937+09:00  INFO 28032 --- [web-ide] [    Test worker] com.zaxxer.hikari.pool.HikariPool        : HikariPool-1 - Added connection com.mysql.cj.jdbc.ConnectionImpl@c4551c6
2024-04-23T11:11:33.937+09:00  INFO 28032 --- [web-ide] [    Test worker] com.zaxxer.hikari.HikariDataSource       : HikariPool-1 - Start completed.
2024-04-23T11:11:33.965+09:00  WARN 28032 --- [web-ide] [    Test worker] org.hibernate.orm.deprecation            : HHH90000025: MySQLDialect does not need to be specified explicitly using 'hibernate.dialect' (remove the property setting and it will be selected by default)
2024-04-23T11:11:34.324+09:00  INFO 28032 --- [web-ide] [    Test worker] o.h.e.t.j.p.i.JtaPlatformInitiator       : HHH000489: No JTA platform available (set 'hibernate.transaction.jta.platform' to enable JTA platform integration)
Hibernate: alter table chat drop foreign key FKjwoyh4o9w6xhpypqackr104kr
Hibernate: alter table chat drop foreign key FKe75tu2pd7wf7wowpy8r5nagfh
Hibernate: alter table chat_user drop foreign key FK91s6pimvcq0hfo8x2t9tb4xbm
Hibernate: alter table chat_user drop foreign key FKl8wenfyq53c3kx77epe01wb9g
Hibernate: drop table if exists chat
Hibernate: drop table if exists chat_room
Hibernate: drop table if exists chat_user
Hibernate: drop table if exists user
Hibernate: create table chat (chat_no bigint not null auto_increment, created_at datetime(6) not null, room_no bigint not null, update_at datetime(6) not null, user_no bigint not null, chat_txt json, primary key (chat_no)) engine=InnoDB
Hibernate: create table chat_room (created_at datetime(6) not null, room_no bigint not null auto_increment, update_at datetime(6) not null, room_name varchar(20) not null, primary key (room_no)) engine=InnoDB
Hibernate: create table chat_user (chat_user_no bigint not null auto_increment, room_no bigint not null, user_no bigint not null, primary key (chat_user_no)) engine=InnoDB
Hibernate: create table user (created_at datetime(6), updated_at datetime(6), user_no bigint not null auto_increment, email varchar(255) not null, nickname varchar(255) not null, password varchar(255) not null, username varchar(255) not null, delete_status enum ('DELETE','ACTIVE'), primary key (user_no)) engine=InnoDB
Hibernate: alter table chat add constraint FKjwoyh4o9w6xhpypqackr104kr foreign key (room_no) references chat_room (room_no)
Hibernate: alter table chat add constraint FKe75tu2pd7wf7wowpy8r5nagfh foreign key (user_no) references user (user_no)
Hibernate: alter table chat_user add constraint FK91s6pimvcq0hfo8x2t9tb4xbm foreign key (room_no) references chat_room (room_no)
Hibernate: alter table chat_user add constraint FKl8wenfyq53c3kx77epe01wb9g foreign key (user_no) references user (user_no)
2024-04-23T11:11:34.519+09:00  INFO 28032 --- [web-ide] [    Test worker] j.LocalContainerEntityManagerFactoryBean : Initialized JPA EntityManagerFactory for persistence unit 'default'
2024-04-23T11:11:34.638+09:00  INFO 28032 --- [web-ide] [    Test worker] o.s.d.j.r.query.QueryEnhancerFactory     : Hibernate is in classpath; If applicable, HQL parser will be used.
2024-04-23T11:11:34.764+09:00 DEBUG 28032 --- [web-ide] [    Test worker] o.s.w.s.s.s.WebSocketHandlerMapping      : Patterns [/sendChat/**] in 'stompWebSocketHandlerMapping'
2024-04-23T11:11:34.783+09:00  WARN 28032 --- [web-ide] [    Test worker] JpaBaseConfiguration$JpaWebConfiguration : spring.jpa.open-in-view is enabled by default. Therefore, database queries may be performed during view rendering. Explicitly configure spring.jpa.open-in-view to disable this warning
2024-04-23T11:11:34.796+09:00 DEBUG 28032 --- [web-ide] [    Test worker] .WebSocketAnnotationMethodMessageHandler : 
	g.w.c.c.ChatController:
	
2024-04-23T11:11:34.796+09:00 DEBUG 28032 --- [web-ide] [    Test worker] .WebSocketAnnotationMethodMessageHandler : 
	g.w.c.c.ChatRoomController:
	
2024-04-23T11:11:34.798+09:00 DEBUG 28032 --- [web-ide] [    Test worker] .WebSocketAnnotationMethodMessageHandler : 
	g.w.c.s.StompWebSocketController:
	{[MESSAGE],[/sendChat/{roomNo}]}: sendChat(ChatRequest,Long)
2024-04-23T11:11:34.799+09:00 DEBUG 28032 --- [web-ide] [    Test worker] .WebSocketAnnotationMethodMessageHandler : 
	g.w.u.c.UserController:
	
2024-04-23T11:11:34.800+09:00 DEBUG 28032 --- [web-ide] [    Test worker] .WebSocketAnnotationMethodMessageHandler : 
	o.s.b.a.w.s.e.BasicErrorController:
	
2024-04-23T11:11:34.856+09:00 DEBUG 28032 --- [web-ide] [    Test worker] s.w.s.m.m.a.RequestMappingHandlerMapping : 10 mappings in 'requestMappingHandlerMapping'
2024-04-23T11:11:34.878+09:00 DEBUG 28032 --- [web-ide] [    Test worker] o.s.w.s.handler.SimpleUrlHandlerMapping  : Patterns [/webjars/**, /**] in 'resourceHandlerMapping'
2024-04-23T11:11:34.890+09:00  INFO 28032 --- [web-ide] [    Test worker] o.s.s.web.DefaultSecurityFilterChain     : Will secure any request with [org.springframework.security.web.session.DisableEncodeUrlFilter@3325f17, org.springframework.security.web.context.request.async.WebAsyncManagerIntegrationFilter@35e63d26, org.springframework.security.web.context.SecurityContextHolderFilter@11564455, org.springframework.security.web.header.HeaderWriterFilter@157e0f6b, org.springframework.web.filter.CorsFilter@5d51203b, org.springframework.security.web.authentication.logout.LogoutFilter@14acc33e, goorm.webide.common.jwt.JWTFilter@32be672d, goorm.webide.common.jwt.LoginFilter@23e54c8a, org.springframework.security.web.savedrequest.RequestCacheAwareFilter@12e3cf1c, org.springframework.security.web.servletapi.SecurityContextHolderAwareRequestFilter@70ed03e4, org.springframework.security.web.authentication.AnonymousAuthenticationFilter@276e5add, org.springframework.security.web.session.SessionManagementFilter@1f832df0, org.springframework.security.web.access.ExceptionTranslationFilter@39bd07fe, org.springframework.security.web.access.intercept.AuthorizationFilter@33a0b857]
2024-04-23T11:11:34.942+09:00 DEBUG 28032 --- [web-ide] [    Test worker] s.w.s.m.m.a.RequestMappingHandlerAdapter : ControllerAdvice beans: 0 @ModelAttribute, 0 @InitBinder, 1 RequestBodyAdvice, 1 ResponseBodyAdvice
2024-04-23T11:11:34.954+09:00 DEBUG 28032 --- [web-ide] [    Test worker] .m.m.a.ExceptionHandlerExceptionResolver : ControllerAdvice beans: 2 @ExceptionHandler, 1 ResponseBodyAdvice
2024-04-23T11:11:34.982+09:00 DEBUG 28032 --- [web-ide] [    Test worker] org.springframework.web.SimpLogging      : clientOutboundChannel added SubProtocolWebSocketHandler[StompSubProtocolHandler[v10.stomp, v11.stomp, v12.stomp]]
2024-04-23T11:11:34.982+09:00 DEBUG 28032 --- [web-ide] [    Test worker] org.springframework.web.SimpLogging      : clientInboundChannel added WebSocketAnnotationMethodMessageHandler[prefixes=[/app/]]
2024-04-23T11:11:34.982+09:00  INFO 28032 --- [web-ide] [    Test worker] o.s.m.s.b.SimpleBrokerMessageHandler     : Starting...
2024-04-23T11:11:34.982+09:00 DEBUG 28032 --- [web-ide] [    Test worker] org.springframework.web.SimpLogging      : clientInboundChannel added SimpleBrokerMessageHandler [org.springframework.messaging.simp.broker.DefaultSubscriptionRegistry@16817bad]
2024-04-23T11:11:34.982+09:00 DEBUG 28032 --- [web-ide] [    Test worker] org.springframework.web.SimpLogging      : brokerChannel added SimpleBrokerMessageHandler [org.springframework.messaging.simp.broker.DefaultSubscriptionRegistry@16817bad]
2024-04-23T11:11:34.982+09:00  INFO 28032 --- [web-ide] [    Test worker] o.s.m.s.b.SimpleBrokerMessageHandler     : BrokerAvailabilityEvent[available=true, SimpleBrokerMessageHandler [org.springframework.messaging.simp.broker.DefaultSubscriptionRegistry@16817bad]]
2024-04-23T11:11:34.983+09:00  INFO 28032 --- [web-ide] [    Test worker] o.s.m.s.b.SimpleBrokerMessageHandler     : Started.
2024-04-23T11:11:34.983+09:00 DEBUG 28032 --- [web-ide] [    Test worker] org.springframework.web.SimpLogging      : clientInboundChannel added UserDestinationMessageHandler[DefaultUserDestinationResolver[prefix=/user/]]
2024-04-23T11:11:34.983+09:00 DEBUG 28032 --- [web-ide] [    Test worker] org.springframework.web.SimpLogging      : brokerChannel added UserDestinationMessageHandler[DefaultUserDestinationResolver[prefix=/user/]]
2024-04-23T11:11:34.989+09:00  INFO 28032 --- [web-ide] [    Test worker] goorm.webide.WebIdeApplicationTests      : Started WebIdeApplicationTests in 1.872 seconds (process running for 2.275)
]]></system-out>
  <system-err><![CDATA[]]></system-err>
</testsuite>
